{"/home/dev666/unsita/files/ReservaCitasM-dicas/app/src/model/Cita.js": {"path":"/home/dev666/unsita/files/ReservaCitasM-dicas/app/src/model/Cita.js","statementMap":{"0":{"start":{"line":3,"column":4},"end":{"line":3,"column":17}},"1":{"start":{"line":4,"column":4},"end":{"line":4,"column":29}},"2":{"start":{"line":5,"column":4},"end":{"line":5,"column":33}},"3":{"start":{"line":6,"column":4},"end":{"line":6,"column":23}},"4":{"start":{"line":7,"column":4},"end":{"line":7,"column":21}},"5":{"start":{"line":8,"column":4},"end":{"line":8,"column":21}},"6":{"start":{"line":9,"column":4},"end":{"line":9,"column":25}}},"fnMap":{"0":{"name":"(anonymous_0)","decl":{"start":{"line":2,"column":2},"end":{"line":2,"column":3}},"loc":{"start":{"line":2,"column":96},"end":{"line":10,"column":3}},"line":2}},"branchMap":{"0":{"loc":{"start":{"line":2,"column":30},"end":{"line":2,"column":47}},"type":"default-arg","locations":[{"start":{"line":2,"column":43},"end":{"line":2,"column":47}}],"line":2},"1":{"loc":{"start":{"line":2,"column":62},"end":{"line":2,"column":77}},"type":"default-arg","locations":[{"start":{"line":2,"column":69},"end":{"line":2,"column":77}}],"line":2},"2":{"loc":{"start":{"line":2,"column":79},"end":{"line":2,"column":92}},"type":"default-arg","locations":[{"start":{"line":2,"column":88},"end":{"line":2,"column":92}}],"line":2}},"s":{"0":2,"1":2,"2":2,"3":2,"4":2,"5":2,"6":2},"f":{"0":2},"b":{"0":[0],"1":[0],"2":[0]},"_coverageSchema":"1a1c01bbd47fc00a2c39e90264f33305004495a9","hash":"99f2e8074ca86a37c030782d016bfbca4cd0b147"}
,"/home/dev666/unsita/files/ReservaCitasM-dicas/app/src/model/CitaRepository.js": {"path":"/home/dev666/unsita/files/ReservaCitasM-dicas/app/src/model/CitaRepository.js","statementMap":{"0":{"start":{"line":3,"column":20},"end":{"line":3,"column":27}},"1":{"start":{"line":7,"column":4},"end":{"line":7,"column":45}},"2":{"start":{"line":10,"column":4},"end":{"line":10,"column":50}},"3":{"start":{"line":13,"column":4},"end":{"line":13,"column":42}},"4":{"start":{"line":16,"column":4},"end":{"line":16,"column":42}},"5":{"start":{"line":19,"column":4},"end":{"line":19,"column":37}}},"fnMap":{"0":{"name":"(anonymous_0)","decl":{"start":{"line":6,"column":2},"end":{"line":6,"column":3}},"loc":{"start":{"line":6,"column":18},"end":{"line":8,"column":3}},"line":6},"1":{"name":"(anonymous_1)","decl":{"start":{"line":9,"column":2},"end":{"line":9,"column":3}},"loc":{"start":{"line":9,"column":21},"end":{"line":11,"column":3}},"line":9},"2":{"name":"(anonymous_2)","decl":{"start":{"line":12,"column":2},"end":{"line":12,"column":3}},"loc":{"start":{"line":12,"column":20},"end":{"line":14,"column":3}},"line":12},"3":{"name":"(anonymous_3)","decl":{"start":{"line":15,"column":2},"end":{"line":15,"column":3}},"loc":{"start":{"line":15,"column":20},"end":{"line":17,"column":3}},"line":15},"4":{"name":"(anonymous_4)","decl":{"start":{"line":18,"column":2},"end":{"line":18,"column":3}},"loc":{"start":{"line":18,"column":17},"end":{"line":20,"column":3}},"line":18}},"branchMap":{},"s":{"0":4,"1":3,"2":1,"3":6,"4":1,"5":1},"f":{"0":3,"1":1,"2":6,"3":1,"4":1},"b":{},"_coverageSchema":"1a1c01bbd47fc00a2c39e90264f33305004495a9","hash":"67604d3da5733cfa1e36a2e2f390566af7e2a973"}
,"/home/dev666/unsita/files/ReservaCitasM-dicas/app/src/model/Medico.js": {"path":"/home/dev666/unsita/files/ReservaCitasM-dicas/app/src/model/Medico.js","statementMap":{"0":{"start":{"line":3,"column":4},"end":{"line":3,"column":17}},"1":{"start":{"line":4,"column":4},"end":{"line":4,"column":25}},"2":{"start":{"line":5,"column":4},"end":{"line":5,"column":37}},"3":{"start":{"line":6,"column":4},"end":{"line":6,"column":23}},"4":{"start":{"line":7,"column":4},"end":{"line":7,"column":29}}},"fnMap":{"0":{"name":"(anonymous_0)","decl":{"start":{"line":2,"column":2},"end":{"line":2,"column":3}},"loc":{"start":{"line":2,"column":61},"end":{"line":8,"column":3}},"line":2}},"branchMap":{},"s":{"0":1,"1":1,"2":1,"3":1,"4":1},"f":{"0":1},"b":{},"_coverageSchema":"1a1c01bbd47fc00a2c39e90264f33305004495a9","hash":"d35ac4891ba815a63c8dcf10a4c4c52d5e9f55ff"}
,"/home/dev666/unsita/files/ReservaCitasM-dicas/app/src/model/MedicoRepository.js": {"path":"/home/dev666/unsita/files/ReservaCitasM-dicas/app/src/model/MedicoRepository.js","statementMap":{"0":{"start":{"line":3,"column":20},"end":{"line":3,"column":29}},"1":{"start":{"line":7,"column":4},"end":{"line":7,"column":45}},"2":{"start":{"line":10,"column":4},"end":{"line":10,"column":50}},"3":{"start":{"line":13,"column":4},"end":{"line":13,"column":44}},"4":{"start":{"line":16,"column":4},"end":{"line":16,"column":42}},"5":{"start":{"line":19,"column":4},"end":{"line":19,"column":37}}},"fnMap":{"0":{"name":"(anonymous_0)","decl":{"start":{"line":6,"column":2},"end":{"line":6,"column":3}},"loc":{"start":{"line":6,"column":18},"end":{"line":8,"column":3}},"line":6},"1":{"name":"(anonymous_1)","decl":{"start":{"line":9,"column":2},"end":{"line":9,"column":3}},"loc":{"start":{"line":9,"column":21},"end":{"line":11,"column":3}},"line":9},"2":{"name":"(anonymous_2)","decl":{"start":{"line":12,"column":2},"end":{"line":12,"column":3}},"loc":{"start":{"line":12,"column":22},"end":{"line":14,"column":3}},"line":12},"3":{"name":"(anonymous_3)","decl":{"start":{"line":15,"column":2},"end":{"line":15,"column":3}},"loc":{"start":{"line":15,"column":20},"end":{"line":17,"column":3}},"line":15},"4":{"name":"(anonymous_4)","decl":{"start":{"line":18,"column":2},"end":{"line":18,"column":3}},"loc":{"start":{"line":18,"column":17},"end":{"line":20,"column":3}},"line":18}},"branchMap":{},"s":{"0":10,"1":3,"2":1,"3":6,"4":1,"5":1},"f":{"0":3,"1":1,"2":6,"3":1,"4":1},"b":{},"_coverageSchema":"1a1c01bbd47fc00a2c39e90264f33305004495a9","hash":"9a8e76492743d63bea0dd3882f97956e4b6e287d"}
,"/home/dev666/unsita/files/ReservaCitasM-dicas/app/src/model/Paciente.js": {"path":"/home/dev666/unsita/files/ReservaCitasM-dicas/app/src/model/Paciente.js","statementMap":{"0":{"start":{"line":3,"column":4},"end":{"line":3,"column":17}},"1":{"start":{"line":4,"column":4},"end":{"line":4,"column":25}},"2":{"start":{"line":5,"column":4},"end":{"line":5,"column":29}},"3":{"start":{"line":6,"column":4},"end":{"line":6,"column":23}},"4":{"start":{"line":7,"column":4},"end":{"line":7,"column":29}}},"fnMap":{"0":{"name":"(anonymous_0)","decl":{"start":{"line":2,"column":2},"end":{"line":2,"column":3}},"loc":{"start":{"line":2,"column":57},"end":{"line":8,"column":3}},"line":2}},"branchMap":{},"s":{"0":1,"1":1,"2":1,"3":1,"4":1},"f":{"0":1},"b":{},"_coverageSchema":"1a1c01bbd47fc00a2c39e90264f33305004495a9","hash":"b7169e6d23063b3f401df96d0ac7e90b99d67120"}
,"/home/dev666/unsita/files/ReservaCitasM-dicas/app/src/model/PacienteRepository.js": {"path":"/home/dev666/unsita/files/ReservaCitasM-dicas/app/src/model/PacienteRepository.js","statementMap":{"0":{"start":{"line":3,"column":20},"end":{"line":3,"column":31}},"1":{"start":{"line":7,"column":4},"end":{"line":7,"column":45}},"2":{"start":{"line":10,"column":4},"end":{"line":10,"column":50}},"3":{"start":{"line":13,"column":4},"end":{"line":13,"column":46}},"4":{"start":{"line":16,"column":4},"end":{"line":16,"column":42}},"5":{"start":{"line":19,"column":4},"end":{"line":19,"column":37}}},"fnMap":{"0":{"name":"(anonymous_0)","decl":{"start":{"line":6,"column":2},"end":{"line":6,"column":3}},"loc":{"start":{"line":6,"column":18},"end":{"line":8,"column":3}},"line":6},"1":{"name":"(anonymous_1)","decl":{"start":{"line":9,"column":2},"end":{"line":9,"column":3}},"loc":{"start":{"line":9,"column":21},"end":{"line":11,"column":3}},"line":9},"2":{"name":"(anonymous_2)","decl":{"start":{"line":12,"column":2},"end":{"line":12,"column":3}},"loc":{"start":{"line":12,"column":24},"end":{"line":14,"column":3}},"line":12},"3":{"name":"(anonymous_3)","decl":{"start":{"line":15,"column":2},"end":{"line":15,"column":3}},"loc":{"start":{"line":15,"column":20},"end":{"line":17,"column":3}},"line":15},"4":{"name":"(anonymous_4)","decl":{"start":{"line":18,"column":2},"end":{"line":18,"column":3}},"loc":{"start":{"line":18,"column":17},"end":{"line":20,"column":3}},"line":18}},"branchMap":{},"s":{"0":10,"1":3,"2":1,"3":6,"4":1,"5":1},"f":{"0":3,"1":1,"2":6,"3":1,"4":1},"b":{},"_coverageSchema":"1a1c01bbd47fc00a2c39e90264f33305004495a9","hash":"42a8b81ab36792b36f7a30b45c813ea14cf6602b"}
,"/home/dev666/unsita/files/ReservaCitasM-dicas/app/src/model/authService.js": {"path":"/home/dev666/unsita/files/ReservaCitasM-dicas/app/src/model/authService.js","statementMap":{"0":{"start":{"line":4,"column":20},"end":{"line":4,"column":31}},"1":{"start":{"line":9,"column":22},"end":{"line":9,"column":56}},"2":{"start":{"line":10,"column":19},"end":{"line":10,"column":104}},"3":{"start":{"line":10,"column":55},"end":{"line":10,"column":103}},"4":{"start":{"line":11,"column":4},"end":{"line":14,"column":5}},"5":{"start":{"line":12,"column":6},"end":{"line":12,"column":79}},"6":{"start":{"line":13,"column":6},"end":{"line":13,"column":55}},"7":{"start":{"line":15,"column":17},"end":{"line":15,"column":104}},"8":{"start":{"line":15,"column":55},"end":{"line":15,"column":103}},"9":{"start":{"line":16,"column":4},"end":{"line":19,"column":5}},"10":{"start":{"line":17,"column":6},"end":{"line":17,"column":77}},"11":{"start":{"line":18,"column":6},"end":{"line":18,"column":49}},"12":{"start":{"line":20,"column":4},"end":{"line":20,"column":68}},"13":{"start":{"line":25,"column":4},"end":{"line":25,"column":39}},"14":{"start":{"line":26,"column":4},"end":{"line":29,"column":5}},"15":{"start":{"line":26,"column":46},"end":{"line":26,"column":63}},"16":{"start":{"line":27,"column":44},"end":{"line":27,"column":61}},"17":{"start":{"line":28,"column":6},"end":{"line":28,"column":66}},"18":{"start":{"line":30,"column":4},"end":{"line":30,"column":71}},"19":{"start":{"line":31,"column":4},"end":{"line":31,"column":24}},"20":{"start":{"line":36,"column":4},"end":{"line":36,"column":39}},"21":{"start":{"line":37,"column":4},"end":{"line":40,"column":5}},"22":{"start":{"line":37,"column":46},"end":{"line":37,"column":63}},"23":{"start":{"line":38,"column":44},"end":{"line":38,"column":61}},"24":{"start":{"line":39,"column":6},"end":{"line":39,"column":66}},"25":{"start":{"line":41,"column":4},"end":{"line":41,"column":73}},"26":{"start":{"line":42,"column":4},"end":{"line":42,"column":24}},"27":{"start":{"line":47,"column":4},"end":{"line":51,"column":5}},"28":{"start":{"line":48,"column":6},"end":{"line":48,"column":67}},"29":{"start":{"line":50,"column":6},"end":{"line":50,"column":18}},"30":{"start":{"line":56,"column":4},"end":{"line":56,"column":41}},"31":{"start":{"line":60,"column":4},"end":{"line":60,"column":67}}},"fnMap":{"0":{"name":"(anonymous_0)","decl":{"start":{"line":8,"column":2},"end":{"line":8,"column":3}},"loc":{"start":{"line":8,"column":36},"end":{"line":21,"column":3}},"line":8},"1":{"name":"(anonymous_1)","decl":{"start":{"line":10,"column":50},"end":{"line":10,"column":51}},"loc":{"start":{"line":10,"column":55},"end":{"line":10,"column":103}},"line":10},"2":{"name":"(anonymous_2)","decl":{"start":{"line":15,"column":50},"end":{"line":15,"column":51}},"loc":{"start":{"line":15,"column":55},"end":{"line":15,"column":103}},"line":15},"3":{"name":"(anonymous_3)","decl":{"start":{"line":24,"column":2},"end":{"line":24,"column":3}},"loc":{"start":{"line":24,"column":70},"end":{"line":32,"column":3}},"line":24},"4":{"name":"(anonymous_4)","decl":{"start":{"line":26,"column":41},"end":{"line":26,"column":42}},"loc":{"start":{"line":26,"column":46},"end":{"line":26,"column":63}},"line":26},"5":{"name":"(anonymous_5)","decl":{"start":{"line":27,"column":39},"end":{"line":27,"column":40}},"loc":{"start":{"line":27,"column":44},"end":{"line":27,"column":61}},"line":27},"6":{"name":"(anonymous_6)","decl":{"start":{"line":35,"column":2},"end":{"line":35,"column":3}},"loc":{"start":{"line":35,"column":72},"end":{"line":43,"column":3}},"line":35},"7":{"name":"(anonymous_7)","decl":{"start":{"line":37,"column":41},"end":{"line":37,"column":42}},"loc":{"start":{"line":37,"column":46},"end":{"line":37,"column":63}},"line":37},"8":{"name":"(anonymous_8)","decl":{"start":{"line":38,"column":39},"end":{"line":38,"column":40}},"loc":{"start":{"line":38,"column":44},"end":{"line":38,"column":61}},"line":38},"9":{"name":"(anonymous_9)","decl":{"start":{"line":46,"column":2},"end":{"line":46,"column":3}},"loc":{"start":{"line":46,"column":22},"end":{"line":52,"column":3}},"line":46},"10":{"name":"(anonymous_10)","decl":{"start":{"line":55,"column":2},"end":{"line":55,"column":3}},"loc":{"start":{"line":55,"column":18},"end":{"line":57,"column":3}},"line":55},"11":{"name":"(anonymous_11)","decl":{"start":{"line":59,"column":2},"end":{"line":59,"column":3}},"loc":{"start":{"line":59,"column":35},"end":{"line":61,"column":3}},"line":59}},"branchMap":{"0":{"loc":{"start":{"line":9,"column":23},"end":{"line":9,"column":34}},"type":"binary-expr","locations":[{"start":{"line":9,"column":23},"end":{"line":9,"column":28}},{"start":{"line":9,"column":32},"end":{"line":9,"column":34}}],"line":9},"1":{"loc":{"start":{"line":10,"column":55},"end":{"line":10,"column":103}},"type":"binary-expr","locations":[{"start":{"line":10,"column":55},"end":{"line":10,"column":76}},{"start":{"line":10,"column":80},"end":{"line":10,"column":103}}],"line":10},"2":{"loc":{"start":{"line":11,"column":4},"end":{"line":14,"column":5}},"type":"if","locations":[{"start":{"line":11,"column":4},"end":{"line":14,"column":5}},{"start":{},"end":{}}],"line":11},"3":{"loc":{"start":{"line":15,"column":55},"end":{"line":15,"column":103}},"type":"binary-expr","locations":[{"start":{"line":15,"column":55},"end":{"line":15,"column":76}},{"start":{"line":15,"column":80},"end":{"line":15,"column":103}}],"line":15},"4":{"loc":{"start":{"line":16,"column":4},"end":{"line":19,"column":5}},"type":"if","locations":[{"start":{"line":16,"column":4},"end":{"line":19,"column":5}},{"start":{},"end":{}}],"line":16},"5":{"loc":{"start":{"line":26,"column":4},"end":{"line":29,"column":5}},"type":"if","locations":[{"start":{"line":26,"column":4},"end":{"line":29,"column":5}},{"start":{},"end":{}}],"line":26},"6":{"loc":{"start":{"line":26,"column":8},"end":{"line":27,"column":62}},"type":"binary-expr","locations":[{"start":{"line":26,"column":8},"end":{"line":26,"column":64}},{"start":{"line":27,"column":8},"end":{"line":27,"column":62}}],"line":26},"7":{"loc":{"start":{"line":37,"column":4},"end":{"line":40,"column":5}},"type":"if","locations":[{"start":{"line":37,"column":4},"end":{"line":40,"column":5}},{"start":{},"end":{}}],"line":37},"8":{"loc":{"start":{"line":37,"column":8},"end":{"line":38,"column":62}},"type":"binary-expr","locations":[{"start":{"line":37,"column":8},"end":{"line":37,"column":64}},{"start":{"line":38,"column":8},"end":{"line":38,"column":62}}],"line":37},"9":{"loc":{"start":{"line":48,"column":13},"end":{"line":48,"column":66}},"type":"binary-expr","locations":[{"start":{"line":48,"column":13},"end":{"line":48,"column":58}},{"start":{"line":48,"column":62},"end":{"line":48,"column":66}}],"line":48}},"s":{"0":4,"1":3,"2":3,"3":1,"4":3,"5":1,"6":1,"7":2,"8":2,"9":2,"10":1,"11":1,"12":1,"13":3,"14":3,"15":1,"16":1,"17":2,"18":1,"19":1,"20":2,"21":2,"22":0,"23":1,"24":1,"25":1,"26":1,"27":1,"28":1,"29":1,"30":1,"31":2},"f":{"0":3,"1":1,"2":2,"3":3,"4":1,"5":1,"6":2,"7":0,"8":1,"9":1,"10":1,"11":2},"b":{"0":[3,0],"1":[1,1],"2":[1,2],"3":[2,2],"4":[1,1],"5":[2,1],"6":[3,2],"7":[1,1],"8":[2,2],"9":[1,0]},"_coverageSchema":"1a1c01bbd47fc00a2c39e90264f33305004495a9","hash":"e025b3bd0ee64f8ec02f3aa1860f6ae794f65282"}
,"/home/dev666/unsita/files/ReservaCitasM-dicas/app/src/model/citaService.js": {"path":"/home/dev666/unsita/files/ReservaCitasM-dicas/app/src/model/citaService.js","statementMap":{"0":{"start":{"line":8,"column":18},"end":{"line":8,"column":20}},"1":{"start":{"line":9,"column":17},"end":{"line":9,"column":23}},"2":{"start":{"line":10,"column":14},"end":{"line":10,"column":21}},"3":{"start":{"line":11,"column":2},"end":{"line":15,"column":3}},"4":{"start":{"line":11,"column":17},"end":{"line":11,"column":23}},"5":{"start":{"line":12,"column":14},"end":{"line":12,"column":62}},"6":{"start":{"line":13,"column":14},"end":{"line":13,"column":52}},"7":{"start":{"line":14,"column":4},"end":{"line":14,"column":30}},"8":{"start":{"line":16,"column":2},"end":{"line":16,"column":17}},"9":{"start":{"line":22,"column":4},"end":{"line":22,"column":82}},"10":{"start":{"line":22,"column":49},"end":{"line":22,"column":80}},"11":{"start":{"line":28,"column":20},"end":{"line":33,"column":5}},"12":{"start":{"line":29,"column":6},"end":{"line":32,"column":14}},"13":{"start":{"line":35,"column":21},"end":{"line":39,"column":5}},"14":{"start":{"line":37,"column":21},"end":{"line":37,"column":110}},"15":{"start":{"line":38,"column":18},"end":{"line":38,"column":24}},"16":{"start":{"line":41,"column":18},"end":{"line":41,"column":47}},"17":{"start":{"line":42,"column":4},"end":{"line":48,"column":9}},"18":{"start":{"line":43,"column":16},"end":{"line":43,"column":22}},"19":{"start":{"line":44,"column":22},"end":{"line":44,"column":41}},"20":{"start":{"line":46,"column":8},"end":{"line":46,"column":32}},"21":{"start":{"line":46,"column":20},"end":{"line":46,"column":32}},"22":{"start":{"line":47,"column":8},"end":{"line":47,"column":34}},"23":{"start":{"line":54,"column":16},"end":{"line":54,"column":35}},"24":{"start":{"line":55,"column":18},"end":{"line":55,"column":39}},"25":{"start":{"line":56,"column":4},"end":{"line":85,"column":7}},"26":{"start":{"line":57,"column":6},"end":{"line":64,"column":7}},"27":{"start":{"line":63,"column":8},"end":{"line":63,"column":15}},"28":{"start":{"line":66,"column":23},"end":{"line":72,"column":7}},"29":{"start":{"line":67,"column":8},"end":{"line":71,"column":16}},"30":{"start":{"line":73,"column":6},"end":{"line":84,"column":7}},"31":{"start":{"line":74,"column":27},"end":{"line":82,"column":10}},"32":{"start":{"line":83,"column":8},"end":{"line":83,"column":40}},"33":{"start":{"line":91,"column":16},"end":{"line":91,"column":35}},"34":{"start":{"line":92,"column":18},"end":{"line":92,"column":39}},"35":{"start":{"line":93,"column":4},"end":{"line":95,"column":5}},"36":{"start":{"line":94,"column":6},"end":{"line":94,"column":88}},"37":{"start":{"line":97,"column":30},"end":{"line":103,"column":5}},"38":{"start":{"line":98,"column":6},"end":{"line":102,"column":14}},"39":{"start":{"line":104,"column":4},"end":{"line":106,"column":5}},"40":{"start":{"line":105,"column":6},"end":{"line":105,"column":79}},"41":{"start":{"line":108,"column":25},"end":{"line":114,"column":5}},"42":{"start":{"line":109,"column":6},"end":{"line":113,"column":14}},"43":{"start":{"line":115,"column":4},"end":{"line":117,"column":5}},"44":{"start":{"line":116,"column":6},"end":{"line":116,"column":59}},"45":{"start":{"line":119,"column":15},"end":{"line":119,"column":75}},"46":{"start":{"line":120,"column":17},"end":{"line":128,"column":6}},"47":{"start":{"line":129,"column":4},"end":{"line":129,"column":30}},"48":{"start":{"line":130,"column":4},"end":{"line":130,"column":24}},"49":{"start":{"line":135,"column":17},"end":{"line":135,"column":47}},"50":{"start":{"line":136,"column":4},"end":{"line":138,"column":5}},"51":{"start":{"line":137,"column":6},"end":{"line":137,"column":72}},"52":{"start":{"line":139,"column":16},"end":{"line":139,"column":35}},"53":{"start":{"line":140,"column":18},"end":{"line":140,"column":39}},"54":{"start":{"line":141,"column":4},"end":{"line":143,"column":5}},"55":{"start":{"line":142,"column":6},"end":{"line":142,"column":86}},"56":{"start":{"line":144,"column":4},"end":{"line":144,"column":24}},"57":{"start":{"line":145,"column":4},"end":{"line":145,"column":30}},"58":{"start":{"line":146,"column":4},"end":{"line":146,"column":24}},"59":{"start":{"line":152,"column":19},"end":{"line":158,"column":5}},"60":{"start":{"line":153,"column":6},"end":{"line":157,"column":14}},"61":{"start":{"line":159,"column":4},"end":{"line":159,"column":86}},"62":{"start":{"line":159,"column":17},"end":{"line":159,"column":86}},"63":{"start":{"line":160,"column":22},"end":{"line":160,"column":66}},"64":{"start":{"line":161,"column":16},"end":{"line":161,"column":35}},"65":{"start":{"line":162,"column":18},"end":{"line":162,"column":39}},"66":{"start":{"line":163,"column":4},"end":{"line":165,"column":5}},"67":{"start":{"line":164,"column":6},"end":{"line":164,"column":86}},"68":{"start":{"line":166,"column":4},"end":{"line":166,"column":26}},"69":{"start":{"line":167,"column":4},"end":{"line":167,"column":32}},"70":{"start":{"line":168,"column":4},"end":{"line":168,"column":24}},"71":{"start":{"line":173,"column":4},"end":{"line":173,"column":31}},"72":{"start":{"line":178,"column":4},"end":{"line":184,"column":6}},"73":{"start":{"line":179,"column":6},"end":{"line":183,"column":14}},"74":{"start":{"line":187,"column":14},"end":{"line":187,"column":24}},"75":{"start":{"line":188,"column":17},"end":{"line":188,"column":32}},"76":{"start":{"line":189,"column":18},"end":{"line":189,"column":59}},"77":{"start":{"line":190,"column":16},"end":{"line":190,"column":52}},"78":{"start":{"line":191,"column":4},"end":{"line":191,"column":37}},"79":{"start":{"line":194,"column":14},"end":{"line":194,"column":24}},"80":{"start":{"line":195,"column":4},"end":{"line":195,"column":40}}},"fnMap":{"0":{"name":"getBloquesHorario","decl":{"start":{"line":7,"column":9},"end":{"line":7,"column":26}},"loc":{"start":{"line":7,"column":29},"end":{"line":17,"column":1}},"line":7},"1":{"name":"(anonymous_1)","decl":{"start":{"line":21,"column":2},"end":{"line":21,"column":3}},"loc":{"start":{"line":21,"column":49},"end":{"line":23,"column":3}},"line":21},"2":{"name":"(anonymous_2)","decl":{"start":{"line":22,"column":44},"end":{"line":22,"column":45}},"loc":{"start":{"line":22,"column":49},"end":{"line":22,"column":80}},"line":22},"3":{"name":"(anonymous_3)","decl":{"start":{"line":26,"column":2},"end":{"line":26,"column":3}},"loc":{"start":{"line":26,"column":81},"end":{"line":49,"column":3}},"line":26},"4":{"name":"(anonymous_4)","decl":{"start":{"line":28,"column":51},"end":{"line":28,"column":52}},"loc":{"start":{"line":29,"column":6},"end":{"line":32,"column":14}},"line":29},"5":{"name":"(anonymous_5)","decl":{"start":{"line":37,"column":16},"end":{"line":37,"column":17}},"loc":{"start":{"line":37,"column":21},"end":{"line":37,"column":110}},"line":37},"6":{"name":"(anonymous_6)","decl":{"start":{"line":38,"column":13},"end":{"line":38,"column":14}},"loc":{"start":{"line":38,"column":18},"end":{"line":38,"column":24}},"line":38},"7":{"name":"(anonymous_7)","decl":{"start":{"line":43,"column":11},"end":{"line":43,"column":12}},"loc":{"start":{"line":43,"column":16},"end":{"line":43,"column":22}},"line":43},"8":{"name":"(anonymous_8)","decl":{"start":{"line":44,"column":14},"end":{"line":44,"column":15}},"loc":{"start":{"line":44,"column":22},"end":{"line":44,"column":41}},"line":44},"9":{"name":"(anonymous_9)","decl":{"start":{"line":45,"column":14},"end":{"line":45,"column":15}},"loc":{"start":{"line":45,"column":22},"end":{"line":48,"column":7}},"line":45},"10":{"name":"(anonymous_10)","decl":{"start":{"line":52,"column":2},"end":{"line":52,"column":3}},"loc":{"start":{"line":52,"column":65},"end":{"line":86,"column":3}},"line":52},"11":{"name":"(anonymous_11)","decl":{"start":{"line":56,"column":18},"end":{"line":56,"column":19}},"loc":{"start":{"line":56,"column":26},"end":{"line":85,"column":5}},"line":56},"12":{"name":"(anonymous_12)","decl":{"start":{"line":66,"column":52},"end":{"line":66,"column":53}},"loc":{"start":{"line":67,"column":8},"end":{"line":71,"column":16}},"line":67},"13":{"name":"(anonymous_13)","decl":{"start":{"line":89,"column":2},"end":{"line":89,"column":3}},"loc":{"start":{"line":89,"column":64},"end":{"line":131,"column":3}},"line":89},"14":{"name":"(anonymous_14)","decl":{"start":{"line":97,"column":59},"end":{"line":97,"column":60}},"loc":{"start":{"line":98,"column":6},"end":{"line":102,"column":14}},"line":98},"15":{"name":"(anonymous_15)","decl":{"start":{"line":108,"column":54},"end":{"line":108,"column":55}},"loc":{"start":{"line":109,"column":6},"end":{"line":113,"column":14}},"line":109},"16":{"name":"(anonymous_16)","decl":{"start":{"line":134,"column":2},"end":{"line":134,"column":3}},"loc":{"start":{"line":134,"column":54},"end":{"line":147,"column":3}},"line":134},"17":{"name":"(anonymous_17)","decl":{"start":{"line":150,"column":2},"end":{"line":150,"column":3}},"loc":{"start":{"line":150,"column":60},"end":{"line":169,"column":3}},"line":150},"18":{"name":"(anonymous_18)","decl":{"start":{"line":152,"column":48},"end":{"line":152,"column":49}},"loc":{"start":{"line":153,"column":6},"end":{"line":157,"column":14}},"line":153},"19":{"name":"(anonymous_19)","decl":{"start":{"line":172,"column":2},"end":{"line":172,"column":3}},"loc":{"start":{"line":172,"column":29},"end":{"line":174,"column":3}},"line":172},"20":{"name":"(anonymous_20)","decl":{"start":{"line":177,"column":2},"end":{"line":177,"column":3}},"loc":{"start":{"line":177,"column":49},"end":{"line":185,"column":3}},"line":177},"21":{"name":"(anonymous_21)","decl":{"start":{"line":178,"column":40},"end":{"line":178,"column":41}},"loc":{"start":{"line":179,"column":6},"end":{"line":183,"column":14}},"line":179},"22":{"name":"(anonymous_22)","decl":{"start":{"line":186,"column":2},"end":{"line":186,"column":3}},"loc":{"start":{"line":186,"column":24},"end":{"line":192,"column":3}},"line":186},"23":{"name":"(anonymous_23)","decl":{"start":{"line":193,"column":2},"end":{"line":193,"column":3}},"loc":{"start":{"line":193,"column":26},"end":{"line":196,"column":3}},"line":193}},"branchMap":{"0":{"loc":{"start":{"line":29,"column":6},"end":{"line":32,"column":14}},"type":"binary-expr","locations":[{"start":{"line":29,"column":6},"end":{"line":29,"column":29}},{"start":{"line":30,"column":6},"end":{"line":30,"column":31}},{"start":{"line":31,"column":6},"end":{"line":31,"column":25}},{"start":{"line":32,"column":6},"end":{"line":32,"column":14}}],"line":29},"1":{"loc":{"start":{"line":37,"column":21},"end":{"line":37,"column":110}},"type":"binary-expr","locations":[{"start":{"line":37,"column":21},"end":{"line":37,"column":44}},{"start":{"line":37,"column":48},"end":{"line":37,"column":73}},{"start":{"line":37,"column":77},"end":{"line":37,"column":98}},{"start":{"line":37,"column":102},"end":{"line":37,"column":110}}],"line":37},"2":{"loc":{"start":{"line":46,"column":8},"end":{"line":46,"column":32}},"type":"if","locations":[{"start":{"line":46,"column":8},"end":{"line":46,"column":32}},{"start":{},"end":{}}],"line":46},"3":{"loc":{"start":{"line":57,"column":6},"end":{"line":64,"column":7}},"type":"if","locations":[{"start":{"line":57,"column":6},"end":{"line":64,"column":7}},{"start":{},"end":{}}],"line":57},"4":{"loc":{"start":{"line":58,"column":8},"end":{"line":60,"column":52}},"type":"binary-expr","locations":[{"start":{"line":58,"column":8},"end":{"line":58,"column":19}},{"start":{"line":59,"column":9},"end":{"line":59,"column":22}},{"start":{"line":59,"column":26},"end":{"line":59,"column":38}},{"start":{"line":60,"column":8},"end":{"line":60,"column":52}}],"line":58},"5":{"loc":{"start":{"line":67,"column":8},"end":{"line":71,"column":16}},"type":"binary-expr","locations":[{"start":{"line":67,"column":8},"end":{"line":67,"column":31}},{"start":{"line":68,"column":8},"end":{"line":68,"column":25}},{"start":{"line":69,"column":8},"end":{"line":69,"column":23}},{"start":{"line":70,"column":8},"end":{"line":70,"column":27}},{"start":{"line":71,"column":8},"end":{"line":71,"column":16}}],"line":67},"6":{"loc":{"start":{"line":73,"column":6},"end":{"line":84,"column":7}},"type":"if","locations":[{"start":{"line":73,"column":6},"end":{"line":84,"column":7}},{"start":{},"end":{}}],"line":73},"7":{"loc":{"start":{"line":93,"column":4},"end":{"line":95,"column":5}},"type":"if","locations":[{"start":{"line":93,"column":4},"end":{"line":95,"column":5}},{"start":{},"end":{}}],"line":93},"8":{"loc":{"start":{"line":93,"column":8},"end":{"line":93,"column":54}},"type":"binary-expr","locations":[{"start":{"line":93,"column":8},"end":{"line":93,"column":19}},{"start":{"line":93,"column":24},"end":{"line":93,"column":37}},{"start":{"line":93,"column":41},"end":{"line":93,"column":53}}],"line":93},"9":{"loc":{"start":{"line":98,"column":6},"end":{"line":102,"column":14}},"type":"binary-expr","locations":[{"start":{"line":98,"column":6},"end":{"line":98,"column":33}},{"start":{"line":99,"column":6},"end":{"line":99,"column":23}},{"start":{"line":100,"column":6},"end":{"line":100,"column":21}},{"start":{"line":101,"column":6},"end":{"line":101,"column":27}},{"start":{"line":102,"column":6},"end":{"line":102,"column":14}}],"line":98},"10":{"loc":{"start":{"line":104,"column":4},"end":{"line":106,"column":5}},"type":"if","locations":[{"start":{"line":104,"column":4},"end":{"line":106,"column":5}},{"start":{},"end":{}}],"line":104},"11":{"loc":{"start":{"line":109,"column":6},"end":{"line":113,"column":14}},"type":"binary-expr","locations":[{"start":{"line":109,"column":6},"end":{"line":109,"column":29}},{"start":{"line":110,"column":6},"end":{"line":110,"column":23}},{"start":{"line":111,"column":6},"end":{"line":111,"column":21}},{"start":{"line":112,"column":6},"end":{"line":112,"column":25}},{"start":{"line":113,"column":6},"end":{"line":113,"column":14}}],"line":109},"12":{"loc":{"start":{"line":115,"column":4},"end":{"line":117,"column":5}},"type":"if","locations":[{"start":{"line":115,"column":4},"end":{"line":117,"column":5}},{"start":{},"end":{}}],"line":115},"13":{"loc":{"start":{"line":115,"column":8},"end":{"line":115,"column":69}},"type":"binary-expr","locations":[{"start":{"line":115,"column":8},"end":{"line":115,"column":21}},{"start":{"line":115,"column":25},"end":{"line":115,"column":69}}],"line":115},"14":{"loc":{"start":{"line":136,"column":4},"end":{"line":138,"column":5}},"type":"if","locations":[{"start":{"line":136,"column":4},"end":{"line":138,"column":5}},{"start":{},"end":{}}],"line":136},"15":{"loc":{"start":{"line":136,"column":8},"end":{"line":136,"column":75}},"type":"binary-expr","locations":[{"start":{"line":136,"column":8},"end":{"line":136,"column":13}},{"start":{"line":136,"column":17},"end":{"line":136,"column":41}},{"start":{"line":136,"column":45},"end":{"line":136,"column":75}}],"line":136},"16":{"loc":{"start":{"line":141,"column":4},"end":{"line":143,"column":5}},"type":"if","locations":[{"start":{"line":141,"column":4},"end":{"line":143,"column":5}},{"start":{},"end":{}}],"line":141},"17":{"loc":{"start":{"line":141,"column":8},"end":{"line":141,"column":70}},"type":"binary-expr","locations":[{"start":{"line":141,"column":8},"end":{"line":141,"column":24}},{"start":{"line":141,"column":29},"end":{"line":141,"column":47}},{"start":{"line":141,"column":51},"end":{"line":141,"column":69}}],"line":141},"18":{"loc":{"start":{"line":153,"column":6},"end":{"line":157,"column":14}},"type":"binary-expr","locations":[{"start":{"line":153,"column":6},"end":{"line":153,"column":29}},{"start":{"line":154,"column":6},"end":{"line":154,"column":23}},{"start":{"line":155,"column":6},"end":{"line":155,"column":21}},{"start":{"line":156,"column":6},"end":{"line":156,"column":25}},{"start":{"line":157,"column":6},"end":{"line":157,"column":14}}],"line":153},"19":{"loc":{"start":{"line":159,"column":4},"end":{"line":159,"column":86}},"type":"if","locations":[{"start":{"line":159,"column":4},"end":{"line":159,"column":86}},{"start":{},"end":{}}],"line":159},"20":{"loc":{"start":{"line":163,"column":4},"end":{"line":165,"column":5}},"type":"if","locations":[{"start":{"line":163,"column":4},"end":{"line":165,"column":5}},{"start":{},"end":{}}],"line":163},"21":{"loc":{"start":{"line":163,"column":8},"end":{"line":163,"column":67}},"type":"binary-expr","locations":[{"start":{"line":163,"column":8},"end":{"line":163,"column":17}},{"start":{"line":163,"column":21},"end":{"line":163,"column":32}},{"start":{"line":163,"column":37},"end":{"line":163,"column":50}},{"start":{"line":163,"column":54},"end":{"line":163,"column":66}}],"line":163},"22":{"loc":{"start":{"line":179,"column":6},"end":{"line":183,"column":14}},"type":"binary-expr","locations":[{"start":{"line":179,"column":6},"end":{"line":179,"column":29}},{"start":{"line":180,"column":6},"end":{"line":180,"column":23}},{"start":{"line":181,"column":6},"end":{"line":181,"column":21}},{"start":{"line":182,"column":6},"end":{"line":182,"column":27}},{"start":{"line":183,"column":6},"end":{"line":183,"column":14}}],"line":179}},"s":{"0":1,"1":1,"2":1,"3":1,"4":1,"5":28,"6":28,"7":28,"8":1,"9":1,"10":2,"11":2,"12":6,"13":2,"14":6,"15":2,"16":2,"17":2,"18":4,"19":4,"20":2,"21":1,"22":1,"23":3,"24":3,"25":3,"26":3,"27":2,"28":1,"29":1,"30":1,"31":0,"32":0,"33":3,"34":3,"35":3,"36":1,"37":2,"38":1,"39":2,"40":0,"41":2,"42":1,"43":2,"44":1,"45":1,"46":1,"47":1,"48":1,"49":3,"50":3,"51":1,"52":2,"53":2,"54":2,"55":1,"56":1,"57":1,"58":1,"59":4,"60":3,"61":4,"62":1,"63":3,"64":3,"65":3,"66":3,"67":2,"68":1,"69":1,"70":1,"71":1,"72":2,"73":3,"74":2,"75":2,"76":2,"77":2,"78":2,"79":2,"80":2},"f":{"0":1,"1":1,"2":2,"3":2,"4":6,"5":6,"6":2,"7":4,"8":4,"9":2,"10":3,"11":3,"12":1,"13":3,"14":1,"15":1,"16":3,"17":4,"18":3,"19":1,"20":2,"21":3,"22":2,"23":2},"b":{"0":[6,6,6,4],"1":[6,6,6,2],"2":[1,1],"3":[2,1],"4":[3,2,2,2],"5":[1,1,1,1,1],"6":[0,1],"7":[1,2],"8":[3,2,1],"9":[1,0,0,0,0],"10":[0,2],"11":[1,1,1,1,1],"12":[1,1],"13":[2,1],"14":[1,2],"15":[3,2,2],"16":[1,1],"17":[2,2,2],"18":[3,3,3,3,3],"19":[1,3],"20":[2,1],"21":[3,2,2,2],"22":[3,3,3,1,1]},"_coverageSchema":"1a1c01bbd47fc00a2c39e90264f33305004495a9","hash":"6f70333c2c47e5f49c135453324f61f60b13ee24"}
,"/home/dev666/unsita/files/ReservaCitasM-dicas/app/src/model/storage.js": {"path":"/home/dev666/unsita/files/ReservaCitasM-dicas/app/src/model/storage.js","statementMap":{"0":{"start":{"line":4,"column":17},"end":{"line":4,"column":42}},"1":{"start":{"line":5,"column":4},"end":{"line":5,"column":40}},"2":{"start":{"line":8,"column":17},"end":{"line":8,"column":33}},"3":{"start":{"line":9,"column":4},"end":{"line":9,"column":53}},"4":{"start":{"line":9,"column":29},"end":{"line":9,"column":43}},"5":{"start":{"line":12,"column":15},"end":{"line":12,"column":31}},"6":{"start":{"line":13,"column":16},"end":{"line":13,"column":53}},"7":{"start":{"line":13,"column":36},"end":{"line":13,"column":52}},"8":{"start":{"line":14,"column":4},"end":{"line":18,"column":5}},"9":{"start":{"line":15,"column":6},"end":{"line":15,"column":23}},"10":{"start":{"line":17,"column":6},"end":{"line":17,"column":22}},"11":{"start":{"line":19,"column":4},"end":{"line":19,"column":52}},"12":{"start":{"line":22,"column":15},"end":{"line":22,"column":31}},"13":{"start":{"line":23,"column":4},"end":{"line":23,"column":47}},"14":{"start":{"line":23,"column":31},"end":{"line":23,"column":45}},"15":{"start":{"line":24,"column":4},"end":{"line":24,"column":52}},"16":{"start":{"line":27,"column":4},"end":{"line":27,"column":33}}},"fnMap":{"0":{"name":"(anonymous_0)","decl":{"start":{"line":3,"column":2},"end":{"line":3,"column":3}},"loc":{"start":{"line":3,"column":21},"end":{"line":6,"column":3}},"line":3},"1":{"name":"(anonymous_1)","decl":{"start":{"line":7,"column":2},"end":{"line":7,"column":3}},"loc":{"start":{"line":7,"column":26},"end":{"line":10,"column":3}},"line":7},"2":{"name":"(anonymous_2)","decl":{"start":{"line":9,"column":21},"end":{"line":9,"column":22}},"loc":{"start":{"line":9,"column":29},"end":{"line":9,"column":43}},"line":9},"3":{"name":"(anonymous_3)","decl":{"start":{"line":11,"column":2},"end":{"line":11,"column":3}},"loc":{"start":{"line":11,"column":25},"end":{"line":20,"column":3}},"line":11},"4":{"name":"(anonymous_4)","decl":{"start":{"line":13,"column":31},"end":{"line":13,"column":32}},"loc":{"start":{"line":13,"column":36},"end":{"line":13,"column":52}},"line":13},"5":{"name":"(anonymous_5)","decl":{"start":{"line":21,"column":2},"end":{"line":21,"column":3}},"loc":{"start":{"line":21,"column":25},"end":{"line":25,"column":3}},"line":21},"6":{"name":"(anonymous_6)","decl":{"start":{"line":23,"column":23},"end":{"line":23,"column":24}},"loc":{"start":{"line":23,"column":31},"end":{"line":23,"column":45}},"line":23},"7":{"name":"(anonymous_7)","decl":{"start":{"line":26,"column":2},"end":{"line":26,"column":3}},"loc":{"start":{"line":26,"column":20},"end":{"line":28,"column":3}},"line":26}},"branchMap":{"0":{"loc":{"start":{"line":5,"column":11},"end":{"line":5,"column":39}},"type":"cond-expr","locations":[{"start":{"line":5,"column":18},"end":{"line":5,"column":34}},{"start":{"line":5,"column":37},"end":{"line":5,"column":39}}],"line":5},"1":{"loc":{"start":{"line":9,"column":11},"end":{"line":9,"column":52}},"type":"binary-expr","locations":[{"start":{"line":9,"column":11},"end":{"line":9,"column":44}},{"start":{"line":9,"column":48},"end":{"line":9,"column":52}}],"line":9},"2":{"loc":{"start":{"line":14,"column":4},"end":{"line":18,"column":5}},"type":"if","locations":[{"start":{"line":14,"column":4},"end":{"line":18,"column":5}},{"start":{"line":16,"column":11},"end":{"line":18,"column":5}}],"line":14}},"s":{"0":44,"1":44,"2":4,"3":4,"4":4,"5":24,"6":24,"7":8,"8":24,"9":0,"10":24,"11":24,"12":4,"13":4,"14":4,"15":4,"16":4},"f":{"0":44,"1":4,"2":4,"3":24,"4":8,"5":4,"6":4,"7":4},"b":{"0":[24,20],"1":[4,0],"2":[0,24]},"_coverageSchema":"1a1c01bbd47fc00a2c39e90264f33305004495a9","hash":"3dea85b9b630f28595d697836f075f5c70192cb7"}
}
