TN:
SF:src/model/Cita.js
FN:2,(anonymous_0)
FNF:1
FNH:1
FNDA:2,(anonymous_0)
DA:3,2
DA:4,2
DA:5,2
DA:6,2
DA:7,2
DA:8,2
DA:9,2
LF:7
LH:7
BRDA:2,0,0,0
BRDA:2,1,0,0
BRDA:2,2,0,0
BRF:3
BRH:0
end_of_record
TN:
SF:src/model/CitaRepository.js
FN:6,(anonymous_0)
FN:9,(anonymous_1)
FN:12,(anonymous_2)
FN:15,(anonymous_3)
FN:18,(anonymous_4)
FNF:5
FNH:5
FNDA:3,(anonymous_0)
FNDA:1,(anonymous_1)
FNDA:6,(anonymous_2)
FNDA:1,(anonymous_3)
FNDA:1,(anonymous_4)
DA:3,4
DA:7,3
DA:10,1
DA:13,6
DA:16,1
DA:19,1
LF:6
LH:6
BRF:0
BRH:0
end_of_record
TN:
SF:src/model/Medico.js
FN:2,(anonymous_0)
FNF:1
FNH:1
FNDA:1,(anonymous_0)
DA:3,1
DA:4,1
DA:5,1
DA:6,1
DA:7,1
LF:5
LH:5
BRF:0
BRH:0
end_of_record
TN:
SF:src/model/MedicoRepository.js
FN:6,(anonymous_0)
FN:9,(anonymous_1)
FN:12,(anonymous_2)
FN:15,(anonymous_3)
FN:18,(anonymous_4)
FNF:5
FNH:5
FNDA:3,(anonymous_0)
FNDA:1,(anonymous_1)
FNDA:6,(anonymous_2)
FNDA:1,(anonymous_3)
FNDA:1,(anonymous_4)
DA:3,10
DA:7,3
DA:10,1
DA:13,6
DA:16,1
DA:19,1
LF:6
LH:6
BRF:0
BRH:0
end_of_record
TN:
SF:src/model/Paciente.js
FN:2,(anonymous_0)
FNF:1
FNH:1
FNDA:1,(anonymous_0)
DA:3,1
DA:4,1
DA:5,1
DA:6,1
DA:7,1
LF:5
LH:5
BRF:0
BRH:0
end_of_record
TN:
SF:src/model/PacienteRepository.js
FN:6,(anonymous_0)
FN:9,(anonymous_1)
FN:12,(anonymous_2)
FN:15,(anonymous_3)
FN:18,(anonymous_4)
FNF:5
FNH:5
FNDA:3,(anonymous_0)
FNDA:1,(anonymous_1)
FNDA:6,(anonymous_2)
FNDA:1,(anonymous_3)
FNDA:1,(anonymous_4)
DA:3,10
DA:7,3
DA:10,1
DA:13,6
DA:16,1
DA:19,1
LF:6
LH:6
BRF:0
BRH:0
end_of_record
TN:
SF:src/model/authService.js
FN:8,(anonymous_0)
FN:10,(anonymous_1)
FN:15,(anonymous_2)
FN:24,(anonymous_3)
FN:26,(anonymous_4)
FN:27,(anonymous_5)
FN:35,(anonymous_6)
FN:37,(anonymous_7)
FN:38,(anonymous_8)
FN:46,(anonymous_9)
FN:55,(anonymous_10)
FN:59,(anonymous_11)
FNF:12
FNH:11
FNDA:3,(anonymous_0)
FNDA:1,(anonymous_1)
FNDA:2,(anonymous_2)
FNDA:3,(anonymous_3)
FNDA:1,(anonymous_4)
FNDA:1,(anonymous_5)
FNDA:2,(anonymous_6)
FNDA:0,(anonymous_7)
FNDA:1,(anonymous_8)
FNDA:1,(anonymous_9)
FNDA:1,(anonymous_10)
FNDA:2,(anonymous_11)
DA:4,4
DA:9,3
DA:10,3
DA:11,3
DA:12,1
DA:13,1
DA:15,2
DA:16,2
DA:17,1
DA:18,1
DA:20,1
DA:25,3
DA:26,3
DA:27,1
DA:28,2
DA:30,1
DA:31,1
DA:36,2
DA:37,2
DA:38,1
DA:39,1
DA:41,1
DA:42,1
DA:47,1
DA:48,1
DA:50,1
DA:56,1
DA:60,2
LF:28
LH:28
BRDA:9,0,0,3
BRDA:9,0,1,0
BRDA:10,1,0,1
BRDA:10,1,1,1
BRDA:11,2,0,1
BRDA:11,2,1,2
BRDA:15,3,0,2
BRDA:15,3,1,2
BRDA:16,4,0,1
BRDA:16,4,1,1
BRDA:26,5,0,2
BRDA:26,5,1,1
BRDA:26,6,0,3
BRDA:26,6,1,2
BRDA:37,7,0,1
BRDA:37,7,1,1
BRDA:37,8,0,2
BRDA:37,8,1,2
BRDA:48,9,0,1
BRDA:48,9,1,0
BRF:20
BRH:18
end_of_record
TN:
SF:src/model/citaService.js
FN:7,getBloquesHorario
FN:21,(anonymous_1)
FN:22,(anonymous_2)
FN:26,(anonymous_3)
FN:28,(anonymous_4)
FN:37,(anonymous_5)
FN:38,(anonymous_6)
FN:43,(anonymous_7)
FN:44,(anonymous_8)
FN:45,(anonymous_9)
FN:52,(anonymous_10)
FN:56,(anonymous_11)
FN:66,(anonymous_12)
FN:89,(anonymous_13)
FN:97,(anonymous_14)
FN:108,(anonymous_15)
FN:134,(anonymous_16)
FN:150,(anonymous_17)
FN:152,(anonymous_18)
FN:172,(anonymous_19)
FN:177,(anonymous_20)
FN:178,(anonymous_21)
FN:186,(anonymous_22)
FN:193,(anonymous_23)
FNF:24
FNH:24
FNDA:1,getBloquesHorario
FNDA:1,(anonymous_1)
FNDA:2,(anonymous_2)
FNDA:2,(anonymous_3)
FNDA:6,(anonymous_4)
FNDA:6,(anonymous_5)
FNDA:2,(anonymous_6)
FNDA:4,(anonymous_7)
FNDA:4,(anonymous_8)
FNDA:2,(anonymous_9)
FNDA:3,(anonymous_10)
FNDA:3,(anonymous_11)
FNDA:1,(anonymous_12)
FNDA:3,(anonymous_13)
FNDA:1,(anonymous_14)
FNDA:1,(anonymous_15)
FNDA:3,(anonymous_16)
FNDA:4,(anonymous_17)
FNDA:3,(anonymous_18)
FNDA:1,(anonymous_19)
FNDA:2,(anonymous_20)
FNDA:3,(anonymous_21)
FNDA:2,(anonymous_22)
FNDA:2,(anonymous_23)
DA:8,1
DA:9,1
DA:10,1
DA:11,1
DA:12,28
DA:13,28
DA:14,28
DA:16,1
DA:22,2
DA:28,2
DA:29,6
DA:35,2
DA:37,6
DA:38,2
DA:41,2
DA:42,2
DA:43,4
DA:44,4
DA:46,2
DA:47,1
DA:54,3
DA:55,3
DA:56,3
DA:57,3
DA:63,2
DA:66,1
DA:67,1
DA:73,1
DA:74,0
DA:83,0
DA:91,3
DA:92,3
DA:93,3
DA:94,1
DA:97,2
DA:98,1
DA:104,2
DA:105,0
DA:108,2
DA:109,1
DA:115,2
DA:116,1
DA:119,1
DA:120,1
DA:129,1
DA:130,1
DA:135,3
DA:136,3
DA:137,1
DA:139,2
DA:140,2
DA:141,2
DA:142,1
DA:144,1
DA:145,1
DA:146,1
DA:152,4
DA:153,3
DA:159,4
DA:160,3
DA:161,3
DA:162,3
DA:163,3
DA:164,2
DA:166,1
DA:167,1
DA:168,1
DA:173,1
DA:178,2
DA:179,3
DA:187,2
DA:188,2
DA:189,2
DA:190,2
DA:191,2
DA:194,2
DA:195,2
LF:77
LH:74
BRDA:29,0,0,6
BRDA:29,0,1,6
BRDA:29,0,2,6
BRDA:29,0,3,4
BRDA:37,1,0,6
BRDA:37,1,1,6
BRDA:37,1,2,6
BRDA:37,1,3,2
BRDA:46,2,0,1
BRDA:46,2,1,1
BRDA:57,3,0,2
BRDA:57,3,1,1
BRDA:58,4,0,3
BRDA:58,4,1,2
BRDA:58,4,2,2
BRDA:58,4,3,2
BRDA:67,5,0,1
BRDA:67,5,1,1
BRDA:67,5,2,1
BRDA:67,5,3,1
BRDA:67,5,4,1
BRDA:73,6,0,0
BRDA:73,6,1,1
BRDA:93,7,0,1
BRDA:93,7,1,2
BRDA:93,8,0,3
BRDA:93,8,1,2
BRDA:93,8,2,1
BRDA:98,9,0,1
BRDA:98,9,1,0
BRDA:98,9,2,0
BRDA:98,9,3,0
BRDA:98,9,4,0
BRDA:104,10,0,0
BRDA:104,10,1,2
BRDA:109,11,0,1
BRDA:109,11,1,1
BRDA:109,11,2,1
BRDA:109,11,3,1
BRDA:109,11,4,1
BRDA:115,12,0,1
BRDA:115,12,1,1
BRDA:115,13,0,2
BRDA:115,13,1,1
BRDA:136,14,0,1
BRDA:136,14,1,2
BRDA:136,15,0,3
BRDA:136,15,1,2
BRDA:136,15,2,2
BRDA:141,16,0,1
BRDA:141,16,1,1
BRDA:141,17,0,2
BRDA:141,17,1,2
BRDA:141,17,2,2
BRDA:153,18,0,3
BRDA:153,18,1,3
BRDA:153,18,2,3
BRDA:153,18,3,3
BRDA:153,18,4,3
BRDA:159,19,0,1
BRDA:159,19,1,3
BRDA:163,20,0,2
BRDA:163,20,1,1
BRDA:163,21,0,3
BRDA:163,21,1,2
BRDA:163,21,2,2
BRDA:163,21,3,2
BRDA:179,22,0,3
BRDA:179,22,1,3
BRDA:179,22,2,3
BRDA:179,22,3,1
BRDA:179,22,4,1
BRF:72
BRH:66
end_of_record
TN:
SF:src/model/storage.js
FN:3,(anonymous_0)
FN:7,(anonymous_1)
FN:9,(anonymous_2)
FN:11,(anonymous_3)
FN:13,(anonymous_4)
FN:21,(anonymous_5)
FN:23,(anonymous_6)
FN:26,(anonymous_7)
FNF:8
FNH:8
FNDA:44,(anonymous_0)
FNDA:4,(anonymous_1)
FNDA:4,(anonymous_2)
FNDA:24,(anonymous_3)
FNDA:8,(anonymous_4)
FNDA:4,(anonymous_5)
FNDA:4,(anonymous_6)
FNDA:4,(anonymous_7)
DA:4,44
DA:5,44
DA:8,4
DA:9,4
DA:12,24
DA:13,24
DA:14,24
DA:15,0
DA:17,24
DA:19,24
DA:22,4
DA:23,4
DA:24,4
DA:27,4
LF:14
LH:13
BRDA:5,0,0,24
BRDA:5,0,1,20
BRDA:9,1,0,4
BRDA:9,1,1,0
BRDA:14,2,0,0
BRDA:14,2,1,24
BRF:6
BRH:4
end_of_record
